C:\Users\rutte\Desktop\code\Pluralsight\Jetsons_Stack_Course\DutchTreat\wwwroot\clientapp\out-tsc\app\ClientApp\app\app.component.js
C:\Users\rutte\Desktop\code\Pluralsight\Jetsons_Stack_Course\DutchTreat\wwwroot\clientapp\out-tsc\app\ClientApp\app\app.component.js.map
C:\Users\rutte\Desktop\code\Pluralsight\Jetsons_Stack_Course\DutchTreat\wwwroot\clientapp\out-tsc\app\ClientApp\app\shop\productList.component.js
C:\Users\rutte\Desktop\code\Pluralsight\Jetsons_Stack_Course\DutchTreat\wwwroot\clientapp\out-tsc\app\ClientApp\app\shop\productList.component.js.map
C:\Users\rutte\Desktop\code\Pluralsight\Jetsons_Stack_Course\DutchTreat\wwwroot\clientapp\out-tsc\app\ClientApp\app\app.module.js
C:\Users\rutte\Desktop\code\Pluralsight\Jetsons_Stack_Course\DutchTreat\wwwroot\clientapp\out-tsc\app\ClientApp\app\app.module.js.map
C:\Users\rutte\Desktop\code\Pluralsight\Jetsons_Stack_Course\DutchTreat\wwwroot\clientapp\out-tsc\app\ClientApp\environments\environment.js
C:\Users\rutte\Desktop\code\Pluralsight\Jetsons_Stack_Course\DutchTreat\wwwroot\clientapp\out-tsc\app\ClientApp\environments\environment.js.map
C:\Users\rutte\Desktop\code\Pluralsight\Jetsons_Stack_Course\DutchTreat\wwwroot\clientapp\out-tsc\app\ClientApp\main.js
C:\Users\rutte\Desktop\code\Pluralsight\Jetsons_Stack_Course\DutchTreat\wwwroot\clientapp\out-tsc\app\ClientApp\main.js.map
C:\Users\rutte\Desktop\code\Pluralsight\Jetsons_Stack_Course\DutchTreat\wwwroot\clientapp\out-tsc\app\ClientApp\polyfills.js
C:\Users\rutte\Desktop\code\Pluralsight\Jetsons_Stack_Course\DutchTreat\wwwroot\clientapp\out-tsc\app\ClientApp\polyfills.js.map
C:\Users\rutte\Desktop\code\Pluralsight\Jetsons_Stack_Course\DutchTreat\wwwroot\clientapp\out-tsc\app\ClientApp\test.js
C:\Users\rutte\Desktop\code\Pluralsight\Jetsons_Stack_Course\DutchTreat\wwwroot\clientapp\out-tsc\app\ClientApp\test.js.map
C:\Users\rutte\Desktop\code\Pluralsight\Jetsons_Stack_Course\DutchTreat\wwwroot\clientapp\out-tsc\app\ClientApp\environments\environment.prod.js
C:\Users\rutte\Desktop\code\Pluralsight\Jetsons_Stack_Course\DutchTreat\wwwroot\clientapp\out-tsc\app\ClientApp\environments\environment.prod.js.map
C:\Users\rutte\Desktop\code\Pluralsight\Jetsons_Stack_Course\DutchTreat\wwwroot\clientapp\out-tsc\app\dutch-app\e2e\src\app.po.js
C:\Users\rutte\Desktop\code\Pluralsight\Jetsons_Stack_Course\DutchTreat\wwwroot\clientapp\out-tsc\app\dutch-app\e2e\src\app.po.js.map
C:\Users\rutte\Desktop\code\Pluralsight\Jetsons_Stack_Course\DutchTreat\wwwroot\clientapp\out-tsc\app\dutch-app\e2e\src\app.e2e-spec.js
C:\Users\rutte\Desktop\code\Pluralsight\Jetsons_Stack_Course\DutchTreat\wwwroot\clientapp\out-tsc\app\dutch-app\e2e\src\app.e2e-spec.js.map
C:\Users\rutte\Desktop\code\Pluralsight\Jetsons_Stack_Course\DutchTreat\wwwroot\clientapp\out-tsc\app\dutch-app\src\app\app.component.js
C:\Users\rutte\Desktop\code\Pluralsight\Jetsons_Stack_Course\DutchTreat\wwwroot\clientapp\out-tsc\app\dutch-app\src\app\app.component.js.map
C:\Users\rutte\Desktop\code\Pluralsight\Jetsons_Stack_Course\DutchTreat\wwwroot\clientapp\out-tsc\app\dutch-app\src\app\app.module.js
C:\Users\rutte\Desktop\code\Pluralsight\Jetsons_Stack_Course\DutchTreat\wwwroot\clientapp\out-tsc\app\dutch-app\src\app\app.module.js.map
C:\Users\rutte\Desktop\code\Pluralsight\Jetsons_Stack_Course\DutchTreat\wwwroot\clientapp\out-tsc\app\dutch-app\src\environments\environment.js
C:\Users\rutte\Desktop\code\Pluralsight\Jetsons_Stack_Course\DutchTreat\wwwroot\clientapp\out-tsc\app\dutch-app\src\environments\environment.js.map
C:\Users\rutte\Desktop\code\Pluralsight\Jetsons_Stack_Course\DutchTreat\wwwroot\clientapp\out-tsc\app\dutch-app\src\main.js
C:\Users\rutte\Desktop\code\Pluralsight\Jetsons_Stack_Course\DutchTreat\wwwroot\clientapp\out-tsc\app\dutch-app\src\main.js.map
C:\Users\rutte\Desktop\code\Pluralsight\Jetsons_Stack_Course\DutchTreat\wwwroot\clientapp\out-tsc\app\dutch-app\src\polyfills.js
C:\Users\rutte\Desktop\code\Pluralsight\Jetsons_Stack_Course\DutchTreat\wwwroot\clientapp\out-tsc\app\dutch-app\src\polyfills.js.map
C:\Users\rutte\Desktop\code\Pluralsight\Jetsons_Stack_Course\DutchTreat\wwwroot\clientapp\out-tsc\app\dutch-app\src\test.js
C:\Users\rutte\Desktop\code\Pluralsight\Jetsons_Stack_Course\DutchTreat\wwwroot\clientapp\out-tsc\app\dutch-app\src\test.js.map
C:\Users\rutte\Desktop\code\Pluralsight\Jetsons_Stack_Course\DutchTreat\wwwroot\clientapp\out-tsc\app\dutch-app\src\environments\environment.prod.js
C:\Users\rutte\Desktop\code\Pluralsight\Jetsons_Stack_Course\DutchTreat\wwwroot\clientapp\out-tsc\app\dutch-app\src\environments\environment.prod.js.map
C:\Users\rutte\Desktop\code\Pluralsight\Jetsons_Stack_Course\DutchTreat\wwwroot\clientapp\out-tsc\app\wwwroot\ts\main.js
C:\Users\rutte\Desktop\code\Pluralsight\Jetsons_Stack_Course\DutchTreat\wwwroot\clientapp\out-tsc\app\wwwroot\ts\main.js.map
C:\Users\rutte\Desktop\code\Pluralsight\Jetsons_Stack_Course\DutchTreat\wwwroot\clientapp\out-tsc\app\wwwroot\ts\storecustomer.js
C:\Users\rutte\Desktop\code\Pluralsight\Jetsons_Stack_Course\DutchTreat\wwwroot\clientapp\out-tsc\app\wwwroot\ts\storecustomer.js.map
